[debug] [2022-12-29T08:24:32.040Z] ----------------------------------------------------------------------
[debug] [2022-12-29T08:24:32.044Z] Command:       C:\Program Files\nodejs\node.exe C:\Users\jiten\AppData\Roaming\npm\node_modules\firebase-tools\lib\bin\firebase.js login
[debug] [2022-12-29T08:24:32.045Z] CLI Version:   11.19.0
[debug] [2022-12-29T08:24:32.046Z] Platform:      win32
[debug] [2022-12-29T08:24:32.046Z] Node Version:  v16.15.1
[debug] [2022-12-29T08:24:32.048Z] Time:          Thu Dec 29 2022 13:54:32 GMT+0530 (India Standard Time)
[debug] [2022-12-29T08:24:32.049Z] ----------------------------------------------------------------------
[debug] 
[info] i  Firebase optionally collects CLI and Emulator Suite usage and error reporting information to help improve our products. Data is collected in accordance with Google's privacy policy (https://policies.google.com/privacy) and is not used to identify you.
 
[info] i  To change your data collection preference at any time, run `firebase logout` and log in again. 
[info] 
[info] Visit this URL on this device to log in:
[info] https://accounts.google.com/o/oauth2/auth?client_id=563584335869-fgrhgmd47bqnekij5i8b5pr03ho849e6.apps.googleusercontent.com&scope=email%20openid%20https%3A%2F%2Fwww.googleapis.com%2Fauth%2Fcloudplatformprojects.readonly%20https%3A%2F%2Fwww.googleapis.com%2Fauth%2Ffirebase%20https%3A%2F%2Fwww.googleapis.com%2Fauth%2Fcloud-platform&response_type=code&state=438012794&redirect_uri=http%3A%2F%2Flocalhost%3A9005
[info] 
[info] Waiting for authentication...
[debug] [2022-12-29T08:24:45.092Z] Error: spawn cmd ENOENT
    at Process.ChildProcess._handle.onexit (node:internal/child_process:283:19)
    at onErrorNT (node:internal/child_process:478:16)
    at processTicksAndRejections (node:internal/process/task_queues:83:21)
[error] 
[error] Error: An unexpected error has occurred.
